This file contains any messages produced by compilers while
running configure, to aid debugging if configure makes a mistake.

It was created by XMake configure 1.0, which was
generated by GNU Autoconf 2.71.  Invocation command line was

  $ ./configure

## --------- ##
## Platform. ##
## --------- ##

hostname = wanaoideMacBook-Air.local
uname -m = x86_64
uname -r = 20.3.0
uname -s = Darwin
uname -v = Darwin Kernel Version 20.3.0: Thu Jan 21 00:07:06 PST 2021; root:xnu-7195.81.3~1/RELEASE_X86_64

/usr/bin/uname -p = i386
/bin/uname -X     = unknown

/bin/arch              = unknown
/usr/bin/arch -k       = unknown
/usr/convex/getsysinfo = unknown
/usr/bin/hostinfo      = Mach kernel version:
	 Darwin Kernel Version 20.3.0: Thu Jan 21 00:07:06 PST 2021; root:xnu-7195.81.3~1/RELEASE_X86_64
Kernel configured for up to 4 processors.
2 processors are physically available.
4 processors are logically available.
Processor type: x86_64h (Intel x86-64h Haswell)
Processors active: 0 1 2 3
Primary memory available: 8.00 gigabytes
Default processor set: 451 tasks, 1923 threads, 4 processors
Load average: 4.72, Mach factor: 1.13
/bin/machine           = unknown
/usr/bin/oslevel       = unknown
/bin/universe          = unknown

PATH: /usr/local/apache2/bin/
PATH: /usr/local/nginx/sbin/
PATH: /Library/Frameworks/Python.framework/Versions/3.6/bin/
PATH: /opt/local/bin/
PATH: /opt/local/sbin/
PATH: /usr/local/bin/
PATH: /usr/bin/
PATH: /bin/
PATH: /usr/sbin/
PATH: /sbin/
PATH: /Applications/VMware Fusion.app/Contents/Public/
PATH: /usr/local/share/dotnet/
PATH: /Library/TeX/texbin/
PATH: ~/.dotnet/tools/
PATH: /Library/Apple/usr/bin/
PATH: /Library/Frameworks/Mono.framework/Versions/Current/Commands/
PATH: /Users/wanaoi/home/Qt/6.0.3/clang_64/bin/
PATH: /usr/local/subversion/1.14.1/bin/


## ----------- ##
## Core tests. ##
## ----------- ##

configure:2748: looking for aux files: config.guess config.sub ltmain.sh compile missing install-sh
configure:2761:  trying ./
configure:2790:   ./config.guess found
configure:2790:   ./config.sub found
configure:2790:   ./ltmain.sh found
configure:2790:   ./compile found
configure:2790:   ./missing found
configure:2772:   ./install-sh found
configure:2919: checking for a BSD-compatible install
configure:2992: result: /opt/local/bin/ginstall -c
configure:3003: checking whether build environment is sane
configure:3058: result: yes
configure:3217: checking for a race-free mkdir -p
configure:3261: result: /opt/local/bin/gmkdir -p
configure:3268: checking for gawk
configure:3303: result: no
configure:3268: checking for mawk
configure:3303: result: no
configure:3268: checking for nawk
configure:3303: result: no
configure:3268: checking for awk
configure:3289: found /usr/bin/awk
configure:3300: result: awk
configure:3311: checking whether make sets $(MAKE)
configure:3334: result: yes
configure:3364: checking whether make supports nested variables
configure:3382: result: yes
configure:3572: checking for gcc
configure:3593: found /usr/bin/gcc
configure:3604: result: gcc
configure:3957: checking for C compiler version
configure:3966: gcc --version >&5
Apple clang version 12.0.5 (clang-1205.0.22.9)
Target: x86_64-apple-darwin20.3.0
Thread model: posix
InstalledDir: /Applications/Xcode.app/Contents/Developer/Toolchains/XcodeDefault.xctoolchain/usr/bin
Configured with: --prefix=/Applications/Xcode.app/Contents/Developer/usr --with-gxx-include-dir=/Applications/Xcode.app/Contents/Developer/Platforms/MacOSX.platform/Developer/SDKs/MacOSX.sdk/usr/include/c++/4.2.1
configure:3977: $? = 0
configure:3966: gcc -v >&5
Configured with: --prefix=/Applications/Xcode.app/Contents/Developer/usr --with-gxx-include-dir=/Applications/Xcode.app/Contents/Developer/Platforms/MacOSX.platform/Developer/SDKs/MacOSX.sdk/usr/include/c++/4.2.1
Apple clang version 12.0.5 (clang-1205.0.22.9)
Target: x86_64-apple-darwin20.3.0
Thread model: posix
InstalledDir: /Applications/Xcode.app/Contents/Developer/Toolchains/XcodeDefault.xctoolchain/usr/bin
configure:3977: $? = 0
configure:3966: gcc -V >&5
clang: error: argument to '-V' is missing (expected 1 value)
clang: error: no input files
configure:3977: $? = 1
configure:3966: gcc -qversion >&5
clang: error: unknown argument '-qversion'; did you mean '--version'?
clang: error: no input files
configure:3977: $? = 1
configure:3966: gcc -version >&5
clang: error: unknown argument '-version'; did you mean '--version'?
clang: error: no input files
configure:3977: $? = 1
configure:3997: checking whether the C compiler works
configure:4019: gcc    conftest.c  >&5
configure:4023: $? = 0
configure:4073: result: yes
configure:4076: checking for C compiler default output file name
configure:4078: result: a.out
configure:4084: checking for suffix of executables
configure:4091: gcc -o conftest    conftest.c  >&5
configure:4095: $? = 0
configure:4118: result: 
configure:4140: checking whether we are cross compiling
configure:4148: gcc -o conftest    conftest.c  >&5
configure:4152: $? = 0
configure:4159: ./conftest
configure:4163: $? = 0
configure:4178: result: no
configure:4183: checking for suffix of object files
configure:4206: gcc -c   conftest.c >&5
configure:4210: $? = 0
configure:4232: result: o
configure:4236: checking whether the compiler supports GNU C
configure:4256: gcc -c   conftest.c >&5
configure:4256: $? = 0
configure:4266: result: yes
configure:4277: checking whether gcc accepts -g
configure:4298: gcc -c -g  conftest.c >&5
configure:4298: $? = 0
configure:4342: result: yes
configure:4362: checking for gcc option to enable C11 features
configure:4377: gcc  -c -g -O2  conftest.c >&5
configure:4377: $? = 0
configure:4395: result: none needed
configure:4511: checking whether gcc understands -c and -o together
configure:4534: gcc -c conftest.c -o conftest2.o
configure:4537: $? = 0
configure:4534: gcc -c conftest.c -o conftest2.o
configure:4537: $? = 0
configure:4549: result: yes
configure:4569: checking whether make supports the include directive
configure:4584: make -f confmf.GNU && cat confinc.out
this is the am__doit target
configure:4587: $? = 0
configure:4606: result: yes (GNU style)
configure:4632: checking dependency style of gcc
configure:4744: result: gcc3
configure:4828: checking for g++
configure:4849: found /usr/bin/g++
configure:4860: result: g++
configure:4887: checking for C++ compiler version
configure:4896: g++ --version >&5
Apple clang version 12.0.5 (clang-1205.0.22.9)
Target: x86_64-apple-darwin20.3.0
Thread model: posix
InstalledDir: /Applications/Xcode.app/Contents/Developer/Toolchains/XcodeDefault.xctoolchain/usr/bin
Configured with: --prefix=/Applications/Xcode.app/Contents/Developer/usr --with-gxx-include-dir=/Applications/Xcode.app/Contents/Developer/Platforms/MacOSX.platform/Developer/SDKs/MacOSX.sdk/usr/include/c++/4.2.1
configure:4907: $? = 0
configure:4896: g++ -v >&5
Configured with: --prefix=/Applications/Xcode.app/Contents/Developer/usr --with-gxx-include-dir=/Applications/Xcode.app/Contents/Developer/Platforms/MacOSX.platform/Developer/SDKs/MacOSX.sdk/usr/include/c++/4.2.1
Apple clang version 12.0.5 (clang-1205.0.22.9)
Target: x86_64-apple-darwin20.3.0
Thread model: posix
InstalledDir: /Applications/Xcode.app/Contents/Developer/Toolchains/XcodeDefault.xctoolchain/usr/bin
configure:4907: $? = 0
configure:4896: g++ -V >&5
clang: error: argument to '-V' is missing (expected 1 value)
clang: error: no input files
configure:4907: $? = 1
configure:4896: g++ -qversion >&5
clang: error: unknown argument '-qversion'; did you mean '--version'?
clang: error: no input files
configure:4907: $? = 1
configure:4911: checking whether the compiler supports GNU C++
configure:4931: g++ -c   conftest.cpp >&5
configure:4931: $? = 0
configure:4941: result: yes
configure:4952: checking whether g++ accepts -g
configure:4973: g++ -c -g  conftest.cpp >&5
configure:4973: $? = 0
configure:5017: result: yes
configure:5037: checking for g++ option to enable C++11 features
configure:5052: g++  -c -g -O2  conftest.cpp >&5
conftest.cpp:57:3: error: "Compiler does not advertise C++11 conformance"
# error "Compiler does not advertise C++11 conformance"
  ^
conftest.cpp:62:3: error: unknown type name 'constexpr'
  constexpr int get_val() { return 20; }
  ^
conftest.cpp:74:17: error: delegating constructors are permitted only in C++11
    delegate(): delegate(2354) {}
                ^~~~~~~~
conftest.cpp:85:26: warning: 'override' keyword is a C++11 extension [-Wc++11-extensions]
    virtual int getval() override final { return this->n * 2; }
                         ^
conftest.cpp:85:35: warning: 'final' keyword is a C++11 extension [-Wc++11-extensions]
    virtual int getval() override final { return this->n * 2; }
                                  ^
conftest.cpp:92:16: warning: defaulted function definitions are a C++11 extension [-Wc++11-extensions]
    nocopy() = default;
               ^
conftest.cpp:93:29: warning: deleted function definitions are a C++11 extension [-Wc++11-extensions]
    nocopy(const nocopy&) = delete;
                            ^
conftest.cpp:94:41: warning: deleted function definitions are a C++11 extension [-Wc++11-extensions]
    nocopy & operator=(const nocopy&) = delete;
                                        ^
conftest.cpp:106:25: warning: 'auto' type specifier is a C++11 extension [-Wc++11-extensions]
  template <typename V> auto sum(V first) -> V
                        ^
conftest.cpp:106:25: error: 'auto' not allowed in function return type
  template <typename V> auto sum(V first) -> V
                        ^~~~
conftest.cpp:106:42: error: expected ';' at end of declaration
  template <typename V> auto sum(V first) -> V
                                         ^
                                         ;
conftest.cpp:106:43: error: cannot use arrow operator on a type
  template <typename V> auto sum(V first) -> V
                                          ^
conftest.cpp:110:33: warning: variadic templates are a C++11 extension [-Wc++11-extensions]
  template <typename V, typename... Args> auto sum(V first, Args... rest) -> V
                                ^
conftest.cpp:110:43: warning: 'auto' type specifier is a C++11 extension [-Wc++11-extensions]
  template <typename V, typename... Args> auto sum(V first, Args... rest) -> V
                                          ^
conftest.cpp:110:43: error: 'auto' not allowed in function return type
  template <typename V, typename... Args> auto sum(V first, Args... rest) -> V
                                          ^~~~
conftest.cpp:110:74: error: expected ';' at end of declaration
  template <typename V, typename... Args> auto sum(V first, Args... rest) -> V
                                                                         ^
                                                                         ;
conftest.cpp:110:75: error: cannot use arrow operator on a type
  template <typename V, typename... Args> auto sum(V first, Args... rest) -> V
                                                                          ^
conftest.cpp:134:3: warning: 'auto' type specifier is a C++11 extension [-Wc++11-extensions]
  auto a1 = 6538;
  ^
conftest.cpp:135:3: warning: 'auto' type specifier is a C++11 extension [-Wc++11-extensions]
  auto a2 = 48573953.4;
  ^
conftest.cpp:136:3: warning: 'auto' type specifier is a C++11 extension [-Wc++11-extensions]
  auto a3 = "String literal";
  ^
conftest.cpp:139:8: warning: 'auto' type specifier is a C++11 extension [-Wc++11-extensions]
  for (auto i = a3; *i; ++i) { total += *i; }
       ^
conftest.cpp:155:8: warning: 'auto' type specifier is a C++11 extension [-Wc++11-extensions]
  for (auto &x : array) { x += 23; }
       ^
conftest.cpp:155:16: warning: range-based for loop is a C++11 extension [-Wc++11-extensions]
  for (auto &x : array) { x += 23; }
               ^
conftest.cpp:160:17: error: expected expression
  assert (eval ([](int x) { return x*2; }, 21) == 42);
                ^
conftest.cpp:162:17: error: expected expression
  assert (eval ([&](double x) { return d += x; }, 3.0) == 5.0);
                ^
conftest.cpp:164:17: error: expected expression
  assert (eval ([=](double x) mutable { return d += x; }, 4.0) == 9.0);
                ^
conftest.cpp:170:3: warning: 'auto' type specifier is a C++11 extension [-Wc++11-extensions]
  auto a = sum(1);
  ^
conftest.cpp:170:12: error: no matching function for call to 'sum'
  auto a = sum(1);
           ^~~
conftest.cpp:171:3: warning: 'auto' type specifier is a C++11 extension [-Wc++11-extensions]
  auto b = sum(1, 2);
  ^
conftest.cpp:171:12: error: no matching function for call to 'sum'
  auto b = sum(1, 2);
           ^~~
conftest.cpp:172:3: warning: 'auto' type specifier is a C++11 extension [-Wc++11-extensions]
  auto c = sum(1.0, 2.0, 3.0);
  ^
conftest.cpp:172:12: error: no matching function for call to 'sum'
  auto c = sum(1.0, 2.0, 3.0);
           ^~~
conftest.cpp:177:25: warning: empty parentheses interpreted as a function declaration [-Wvexing-parse]
  cxx11test::delegate d2();
                        ^~
conftest.cpp:177:25: note: remove parentheses to declare a variable
  cxx11test::delegate d2();
                        ^~
conftest.cpp:190:16: error: found '<::' after a template name which forms the digraph '<:' (aka '[') and a ':', did you mean '< ::'?
  test_template<::test_template<int>> v(test_template<int>(12));
               ^~~
               < ::
conftest.cpp:190:36: error: a space is required between consecutive right angle brackets (use '> >')
  test_template<::test_template<int>> v(test_template<int>(12));
                                   ^~
                                   > >
conftest.cpp:194:22: error: use of undeclared identifier 'u8'
  char const *utf8 = u8"UTF-8 string \u2500";
                     ^
conftest.cpp:194:24: error: expected ';' at end of declaration
  char const *utf8 = u8"UTF-8 string \u2500";
                       ^
                       ;
fatal error: too many errors emitted, stopping now [-ferror-limit=]
18 warnings and 20 errors generated.
configure:5052: $? = 1
configure: failed program was:
| /* confdefs.h */
| #define PACKAGE_NAME "XMake"
| #define PACKAGE_TARNAME "xmake"
| #define PACKAGE_VERSION "1.0"
| #define PACKAGE_STRING "XMake 1.0"
| #define PACKAGE_BUGREPORT "wanao2008@hotmail.com"
| #define PACKAGE_URL ""
| #define PACKAGE "xmake"
| #define VERSION "1.0"
| /* end confdefs.h.  */
| 
| // Does the compiler advertise C++98 conformance?
| #if !defined __cplusplus || __cplusplus < 199711L
| # error "Compiler does not advertise C++98 conformance"
| #endif
| 
| // These inclusions are to reject old compilers that
| // lack the unsuffixed header files.
| #include <cstdlib>
| #include <exception>
| 
| // <cassert> and <cstring> are *not* freestanding headers in C++98.
| extern void assert (int);
| namespace std {
|   extern int strcmp (const char *, const char *);
| }
| 
| // Namespaces, exceptions, and templates were all added after "C++ 2.0".
| using std::exception;
| using std::strcmp;
| 
| namespace {
| 
| void test_exception_syntax()
| {
|   try {
|     throw "test";
|   } catch (const char *s) {
|     // Extra parentheses suppress a warning when building autoconf itself,
|     // due to lint rules shared with more typical C programs.
|     assert (!(strcmp) (s, "test"));
|   }
| }
| 
| template <typename T> struct test_template
| {
|   T const val;
|   explicit test_template(T t) : val(t) {}
|   template <typename U> T add(U u) { return static_cast<T>(u) + val; }
| };
| 
| } // anonymous namespace
| 
| 
| // Does the compiler advertise C++ 2011 conformance?
| #if !defined __cplusplus || __cplusplus < 201103L
| # error "Compiler does not advertise C++11 conformance"
| #endif
| 
| namespace cxx11test
| {
|   constexpr int get_val() { return 20; }
| 
|   struct testinit
|   {
|     int i;
|     double d;
|   };
| 
|   class delegate
|   {
|   public:
|     delegate(int n) : n(n) {}
|     delegate(): delegate(2354) {}
| 
|     virtual int getval() { return this->n; };
|   protected:
|     int n;
|   };
| 
|   class overridden : public delegate
|   {
|   public:
|     overridden(int n): delegate(n) {}
|     virtual int getval() override final { return this->n * 2; }
|   };
| 
|   class nocopy
|   {
|   public:
|     nocopy(int i): i(i) {}
|     nocopy() = default;
|     nocopy(const nocopy&) = delete;
|     nocopy & operator=(const nocopy&) = delete;
|   private:
|     int i;
|   };
| 
|   // for testing lambda expressions
|   template <typename Ret, typename Fn> Ret eval(Fn f, Ret v)
|   {
|     return f(v);
|   }
| 
|   // for testing variadic templates and trailing return types
|   template <typename V> auto sum(V first) -> V
|   {
|     return first;
|   }
|   template <typename V, typename... Args> auto sum(V first, Args... rest) -> V
|   {
|     return first + sum(rest...);
|   }
| }
| 
| 
| int
| main (int argc, char **argv)
| {
|   int ok = 0;
|   
|   assert (argc);
|   assert (! argv[0]);
| {
|   test_exception_syntax ();
|   test_template<double> tt (2.0);
|   assert (tt.add (4) == 6.0);
|   assert (true && !false);
| }
| 
|   
| {
|   // Test auto and decltype
|   auto a1 = 6538;
|   auto a2 = 48573953.4;
|   auto a3 = "String literal";
| 
|   int total = 0;
|   for (auto i = a3; *i; ++i) { total += *i; }
| 
|   decltype(a2) a4 = 34895.034;
| }
| {
|   // Test constexpr
|   short sa[cxx11test::get_val()] = { 0 };
| }
| {
|   // Test initializer lists
|   cxx11test::testinit il = { 4323, 435234.23544 };
| }
| {
|   // Test range-based for
|   int array[] = {9, 7, 13, 15, 4, 18, 12, 10, 5, 3,
|                  14, 19, 17, 8, 6, 20, 16, 2, 11, 1};
|   for (auto &x : array) { x += 23; }
| }
| {
|   // Test lambda expressions
|   using cxx11test::eval;
|   assert (eval ([](int x) { return x*2; }, 21) == 42);
|   double d = 2.0;
|   assert (eval ([&](double x) { return d += x; }, 3.0) == 5.0);
|   assert (d == 5.0);
|   assert (eval ([=](double x) mutable { return d += x; }, 4.0) == 9.0);
|   assert (d == 5.0);
| }
| {
|   // Test use of variadic templates
|   using cxx11test::sum;
|   auto a = sum(1);
|   auto b = sum(1, 2);
|   auto c = sum(1.0, 2.0, 3.0);
| }
| {
|   // Test constructor delegation
|   cxx11test::delegate d1;
|   cxx11test::delegate d2();
|   cxx11test::delegate d3(45);
| }
| {
|   // Test override and final
|   cxx11test::overridden o1(55464);
| }
| {
|   // Test nullptr
|   char *c = nullptr;
| }
| {
|   // Test template brackets
|   test_template<::test_template<int>> v(test_template<int>(12));
| }
| {
|   // Unicode literals
|   char const *utf8 = u8"UTF-8 string \u2500";
|   char16_t const *utf16 = u"UTF-8 string \u2500";
|   char32_t const *utf32 = U"UTF-32 string \u2500";
| }
| 
|   return ok;
| }
| 
configure:5070: result: none needed
configure:5136: checking dependency style of g++
configure:5248: result: gcc3
configure:5295: checking build system type
configure:5310: result: x86_64-apple-darwin20.3.0
configure:5330: checking host system type
configure:5344: result: x86_64-apple-darwin20.3.0
configure:5385: checking how to print strings
configure:5412: result: printf
configure:5433: checking for a sed that does not truncate output
configure:5503: result: /opt/local/bin/gsed
configure:5521: checking for grep that handles long lines and -e
configure:5585: result: /usr/bin/grep
configure:5590: checking for egrep
configure:5658: result: /usr/bin/grep -E
configure:5663: checking for fgrep
configure:5731: result: /usr/bin/grep -F
configure:5767: checking for ld used by gcc
configure:5835: result: /Applications/Xcode.app/Contents/Developer/Toolchains/XcodeDefault.xctoolchain/usr/bin/ld
configure:5842: checking if the linker (/Applications/Xcode.app/Contents/Developer/Toolchains/XcodeDefault.xctoolchain/usr/bin/ld) is GNU ld
configure:5858: result: no
configure:5870: checking for BSD- or MS-compatible name lister (nm)
configure:5925: result: /opt/local/bin/nm -B
configure:6065: checking the name lister (/opt/local/bin/nm -B) interface
configure:6073: gcc -c -g -O2  conftest.c >&5
configure:6076: /opt/local/bin/nm -B "conftest.o"
configure:6079: output
0000000000000260 S _some_variable
configure:6086: result: BSD nm
configure:6089: checking whether ln -s works
configure:6093: result: yes
configure:6101: checking the maximum length of command line arguments
configure:6233: result: 786432
configure:6281: checking how to convert x86_64-apple-darwin20.3.0 file names to x86_64-apple-darwin20.3.0 format
configure:6322: result: func_convert_file_noop
configure:6329: checking how to convert x86_64-apple-darwin20.3.0 file names to toolchain format
configure:6350: result: func_convert_file_noop
configure:6357: checking for /Applications/Xcode.app/Contents/Developer/Toolchains/XcodeDefault.xctoolchain/usr/bin/ld option to reload object files
configure:6365: result: -r
configure:6444: checking for objdump
configure:6465: found /opt/local/bin/objdump
configure:6476: result: objdump
configure:6508: checking how to recognize dependent libraries
configure:6709: result: pass_all
configure:6799: checking for dlltool
configure:6834: result: no
configure:6864: checking how to associate runtime and link libraries
configure:6892: result: printf %s\n
configure:6958: checking for ar
configure:6979: found /opt/local/bin/ar
configure:6990: result: ar
configure:7027: checking for archiver @FILE support
configure:7045: gcc -c -g -O2  conftest.c >&5
configure:7045: $? = 0
configure:7049: ar cru libconftest.a @conftest.lst >&5
ar: @conftest.lst: No such file or directory
configure:7052: $? = 1
configure:7072: result: no
configure:7135: checking for strip
configure:7156: found /opt/local/bin/strip
configure:7167: result: strip
configure:7244: checking for ranlib
configure:7265: found /opt/local/bin/ranlib
configure:7276: result: ranlib
configure:7378: checking command to parse /opt/local/bin/nm -B output from gcc object
configure:7532: gcc -c -g -O2  conftest.c >&5
configure:7535: $? = 0
configure:7539: /opt/local/bin/nm -B conftest.o \| sed -n -e 's/^.*[ ]\([BCDEGRST][BCDEGRST]*\)[ ][ ]*\([_A-Za-z][_A-Za-z0-9]*\)$/\1 \2 \2/p' | sed '/ __gnu_lto/d' \> conftest.nm
configure:7542: $? = 0
cannot find nm_test_var in conftest.nm
configure:7532: gcc -c -g -O2  conftest.c >&5
configure:7535: $? = 0
configure:7539: /opt/local/bin/nm -B conftest.o \| sed -n -e 's/^.*[ ]\([BCDEGRST][BCDEGRST]*\)[ ][ ]*_\([_A-Za-z][_A-Za-z0-9]*\)$/\1 _\2 \2/p' | sed '/ __gnu_lto/d' \> conftest.nm
configure:7542: $? = 0
configure:7608: gcc -o conftest -g -O2   conftest.c conftstm.o >&5
warning: (x86_64)  could not find object file symbol for symbol _main
configure:7611: $? = 0
configure:7649: result: ok
configure:7696: checking for sysroot
configure:7727: result: no
configure:7734: checking for a working dd
configure:7778: result: /bin/dd
configure:7782: checking how to truncate binary pipes
configure:7798: result: /bin/dd bs=4096 count=1
configure:8135: checking for mt
configure:8170: result: no
configure:8190: checking if : is a manifest tool
configure:8197: : '-?'
configure:8205: result: no
configure:8266: checking for dsymutil
configure:8287: found /usr/bin/dsymutil
configure:8298: result: dsymutil
configure:8368: checking for nmedit
configure:8389: found /usr/bin/nmedit
configure:8400: result: nmedit
configure:8470: checking for lipo
configure:8491: found /opt/local/bin/lipo
configure:8502: result: lipo
configure:8572: checking for otool
configure:8593: found /opt/local/bin/otool
configure:8604: result: otool
configure:8674: checking for otool64
configure:8709: result: no
configure:8754: checking for -single_module linker flag
gcc -g -O2  -o libconftest.dylib -dynamiclib -Wl,-single_module conftest.c
configure:8788: result: yes
configure:8791: checking for -exported_symbols_list linker flag
configure:8812: gcc -o conftest -g -O2   -Wl,-exported_symbols_list,conftest.sym conftest.c  >&5
configure:8812: $? = 0
configure:8823: result: yes
configure:8826: checking for -force_load linker flag
gcc -g -O2 -c -o conftest.o conftest.c
ar cru libconftest.a conftest.o
ranlib libconftest.a
gcc -g -O2  -o conftest conftest.c -Wl,-force_load,./libconftest.a
configure:8859: result: yes
configure:8930: checking for stdio.h
configure:8930: gcc -c -g -O2  conftest.c >&5
configure:8930: $? = 0
configure:8930: result: yes
configure:8930: checking for stdlib.h
configure:8930: gcc -c -g -O2  conftest.c >&5
configure:8930: $? = 0
configure:8930: result: yes
configure:8930: checking for string.h
configure:8930: gcc -c -g -O2  conftest.c >&5
configure:8930: $? = 0
configure:8930: result: yes
configure:8930: checking for inttypes.h
configure:8930: gcc -c -g -O2  conftest.c >&5
configure:8930: $? = 0
configure:8930: result: yes
configure:8930: checking for stdint.h
configure:8930: gcc -c -g -O2  conftest.c >&5
configure:8930: $? = 0
configure:8930: result: yes
configure:8930: checking for strings.h
configure:8930: gcc -c -g -O2  conftest.c >&5
configure:8930: $? = 0
configure:8930: result: yes
configure:8930: checking for sys/stat.h
configure:8930: gcc -c -g -O2  conftest.c >&5
configure:8930: $? = 0
configure:8930: result: yes
configure:8930: checking for sys/types.h
configure:8930: gcc -c -g -O2  conftest.c >&5
configure:8930: $? = 0
configure:8930: result: yes
configure:8930: checking for unistd.h
configure:8930: gcc -c -g -O2  conftest.c >&5
configure:8930: $? = 0
configure:8930: result: yes
configure:8955: checking for dlfcn.h
configure:8955: gcc -c -g -O2  conftest.c >&5
configure:8955: $? = 0
configure:8955: result: yes
configure:9225: checking for objdir
configure:9241: result: .libs
configure:9505: checking if gcc supports -fno-rtti -fno-exceptions
configure:9524: gcc -c -g -O2  -fno-rtti -fno-exceptions conftest.c >&5
configure:9528: $? = 0
configure:9541: result: yes
configure:9899: checking for gcc option to produce PIC
configure:9907: result: -fno-common -DPIC
configure:9915: checking if gcc PIC flag -fno-common -DPIC works
configure:9934: gcc -c -g -O2  -fno-common -DPIC -DPIC conftest.c >&5
configure:9938: $? = 0
configure:9951: result: yes
configure:9980: checking if gcc static flag -static works
configure:10009: result: no
configure:10024: checking if gcc supports -c -o file.o
configure:10046: gcc -c -g -O2  -o out/conftest2.o conftest.c >&5
configure:10050: $? = 0
configure:10072: result: yes
configure:10080: checking if gcc supports -c -o file.o
configure:10128: result: yes
configure:10161: checking whether the gcc linker (/Applications/Xcode.app/Contents/Developer/Toolchains/XcodeDefault.xctoolchain/usr/bin/ld) supports shared libraries
configure:11427: result: yes
configure:11668: checking dynamic linker characteristics
configure:12489: result: darwin20.3.0 dyld
configure:12611: checking how to hardcode library paths into programs
configure:12636: result: immediate
configure:13188: checking whether stripping libraries is possible
configure:13202: result: yes
configure:13228: checking if libtool supports shared libraries
configure:13230: result: yes
configure:13233: checking whether to build shared libraries
configure:13258: result: yes
configure:13261: checking whether to build static libraries
configure:13265: result: yes
configure:13288: checking how to run the C++ preprocessor
configure:13310: g++ -E  conftest.cpp
configure:13310: $? = 0
configure:13325: g++ -E  conftest.cpp
conftest.cpp:23:10: fatal error: 'ac_nonexistent.h' file not found
#include <ac_nonexistent.h>
         ^~~~~~~~~~~~~~~~~~
1 error generated.
configure:13325: $? = 1
configure: failed program was:
| /* confdefs.h */
| #define PACKAGE_NAME "XMake"
| #define PACKAGE_TARNAME "xmake"
| #define PACKAGE_VERSION "1.0"
| #define PACKAGE_STRING "XMake 1.0"
| #define PACKAGE_BUGREPORT "wanao2008@hotmail.com"
| #define PACKAGE_URL ""
| #define PACKAGE "xmake"
| #define VERSION "1.0"
| #define HAVE_STDIO_H 1
| #define HAVE_STDLIB_H 1
| #define HAVE_STRING_H 1
| #define HAVE_INTTYPES_H 1
| #define HAVE_STDINT_H 1
| #define HAVE_STRINGS_H 1
| #define HAVE_SYS_STAT_H 1
| #define HAVE_SYS_TYPES_H 1
| #define HAVE_UNISTD_H 1
| #define STDC_HEADERS 1
| #define HAVE_DLFCN_H 1
| #define LT_OBJDIR ".libs/"
| /* end confdefs.h.  */
| #include <ac_nonexistent.h>
configure:13352: result: g++ -E
configure:13366: g++ -E  conftest.cpp
configure:13366: $? = 0
configure:13381: g++ -E  conftest.cpp
conftest.cpp:23:10: fatal error: 'ac_nonexistent.h' file not found
#include <ac_nonexistent.h>
         ^~~~~~~~~~~~~~~~~~
1 error generated.
configure:13381: $? = 1
configure: failed program was:
| /* confdefs.h */
| #define PACKAGE_NAME "XMake"
| #define PACKAGE_TARNAME "xmake"
| #define PACKAGE_VERSION "1.0"
| #define PACKAGE_STRING "XMake 1.0"
| #define PACKAGE_BUGREPORT "wanao2008@hotmail.com"
| #define PACKAGE_URL ""
| #define PACKAGE "xmake"
| #define VERSION "1.0"
| #define HAVE_STDIO_H 1
| #define HAVE_STDLIB_H 1
| #define HAVE_STRING_H 1
| #define HAVE_INTTYPES_H 1
| #define HAVE_STDINT_H 1
| #define HAVE_STRINGS_H 1
| #define HAVE_SYS_STAT_H 1
| #define HAVE_SYS_TYPES_H 1
| #define HAVE_UNISTD_H 1
| #define STDC_HEADERS 1
| #define HAVE_DLFCN_H 1
| #define LT_OBJDIR ".libs/"
| /* end confdefs.h.  */
| #include <ac_nonexistent.h>
configure:13546: checking for ld used by g++
configure:13614: result: /Applications/Xcode.app/Contents/Developer/Toolchains/XcodeDefault.xctoolchain/usr/bin/ld
configure:13621: checking if the linker (/Applications/Xcode.app/Contents/Developer/Toolchains/XcodeDefault.xctoolchain/usr/bin/ld) is GNU ld
configure:13637: result: no
configure:13692: checking whether the g++ linker (/Applications/Xcode.app/Contents/Developer/Toolchains/XcodeDefault.xctoolchain/usr/bin/ld) supports shared libraries
configure:14769: result: yes
configure:14805: g++ -c -g -O2  conftest.cpp >&5
configure:14808: $? = 0
configure:15289: checking for g++ option to produce PIC
configure:15297: result: -fno-common -DPIC
configure:15305: checking if g++ PIC flag -fno-common -DPIC works
configure:15324: g++ -c -g -O2  -fno-common -DPIC -DPIC conftest.cpp >&5
configure:15328: $? = 0
configure:15341: result: yes
configure:15364: checking if g++ static flag -static works
configure:15393: result: no
configure:15405: checking if g++ supports -c -o file.o
configure:15427: g++ -c -g -O2  -o out/conftest2.o conftest.cpp >&5
configure:15431: $? = 0
configure:15453: result: yes
configure:15458: checking if g++ supports -c -o file.o
configure:15506: result: yes
configure:15536: checking whether the g++ linker (/Applications/Xcode.app/Contents/Developer/Toolchains/XcodeDefault.xctoolchain/usr/bin/ld) supports shared libraries
configure:15576: result: yes
configure:15718: checking dynamic linker characteristics
configure:16466: result: darwin20.3.0 dyld
configure:16531: checking how to hardcode library paths into programs
configure:16556: result: immediate
configure:16625: checking for GNU libc compatible malloc
configure:16657: gcc -o conftest -g -O2   conftest.c  >&5
configure:16657: $? = 0
configure:16657: ./conftest
configure:16657: $? = 0
configure:16668: result: yes
configure:16802: checking that generated files are newer than configure
configure:16808: result: done
configure:16835: creating ./config.status

## ---------------------- ##
## Running config.status. ##
## ---------------------- ##

This file was extended by XMake config.status 1.0, which was
generated by GNU Autoconf 2.71.  Invocation command line was

  CONFIG_FILES    = 
  CONFIG_HEADERS  = 
  CONFIG_LINKS    = 
  CONFIG_COMMANDS = 
  $ ./config.status 

on wanaoideMacBook-Air.local

config.status:1138: creating Makefile
config.status:1138: creating src/Makefile
config.status:1138: creating config.h
config.status:1319: config.h is unchanged
config.status:1367: executing depfiles commands
config.status:1444: cd src       && sed -e '/# am--include-marker/d' Makefile         | make -f - am--depfiles
config.status:1449: $? = 0
config.status:1367: executing libtool commands

## ---------------- ##
## Cache variables. ##
## ---------------- ##

ac_cv_build=x86_64-apple-darwin20.3.0
ac_cv_c_compiler_gnu=yes
ac_cv_cxx_compiler_gnu=yes
ac_cv_env_CCC_set=
ac_cv_env_CCC_value=
ac_cv_env_CC_set=
ac_cv_env_CC_value=
ac_cv_env_CFLAGS_set=
ac_cv_env_CFLAGS_value=
ac_cv_env_CPPFLAGS_set=
ac_cv_env_CPPFLAGS_value=
ac_cv_env_CXXCPP_set=
ac_cv_env_CXXCPP_value=
ac_cv_env_CXXFLAGS_set=
ac_cv_env_CXXFLAGS_value=
ac_cv_env_CXX_set=
ac_cv_env_CXX_value=
ac_cv_env_LDFLAGS_set=
ac_cv_env_LDFLAGS_value=
ac_cv_env_LIBS_set=
ac_cv_env_LIBS_value=
ac_cv_env_LT_SYS_LIBRARY_PATH_set=
ac_cv_env_LT_SYS_LIBRARY_PATH_value=
ac_cv_env_build_alias_set=
ac_cv_env_build_alias_value=
ac_cv_env_host_alias_set=
ac_cv_env_host_alias_value=
ac_cv_env_target_alias_set=
ac_cv_env_target_alias_value=
ac_cv_func_malloc_0_nonnull=yes
ac_cv_header_dlfcn_h=yes
ac_cv_header_inttypes_h=yes
ac_cv_header_stdint_h=yes
ac_cv_header_stdio_h=yes
ac_cv_header_stdlib_h=yes
ac_cv_header_string_h=yes
ac_cv_header_strings_h=yes
ac_cv_header_sys_stat_h=yes
ac_cv_header_sys_types_h=yes
ac_cv_header_unistd_h=yes
ac_cv_host=x86_64-apple-darwin20.3.0
ac_cv_objext=o
ac_cv_path_EGREP='/usr/bin/grep -E'
ac_cv_path_FGREP='/usr/bin/grep -F'
ac_cv_path_GREP=/usr/bin/grep
ac_cv_path_SED=/opt/local/bin/gsed
ac_cv_path_install='/opt/local/bin/ginstall -c'
ac_cv_path_lt_DD=/bin/dd
ac_cv_path_mkdir=/opt/local/bin/gmkdir
ac_cv_prog_AWK=awk
ac_cv_prog_CXXCPP='g++ -E'
ac_cv_prog_ac_ct_AR=ar
ac_cv_prog_ac_ct_CC=gcc
ac_cv_prog_ac_ct_CXX=g++
ac_cv_prog_ac_ct_DSYMUTIL=dsymutil
ac_cv_prog_ac_ct_LIPO=lipo
ac_cv_prog_ac_ct_NMEDIT=nmedit
ac_cv_prog_ac_ct_OBJDUMP=objdump
ac_cv_prog_ac_ct_OTOOL=otool
ac_cv_prog_ac_ct_RANLIB=ranlib
ac_cv_prog_ac_ct_STRIP=strip
ac_cv_prog_cc_c11=
ac_cv_prog_cc_g=yes
ac_cv_prog_cc_stdc=
ac_cv_prog_cxx_11=no
ac_cv_prog_cxx_g=yes
ac_cv_prog_cxx_stdcxx=
ac_cv_prog_make_make_set=yes
am_cv_CC_dependencies_compiler_type=gcc3
am_cv_CXX_dependencies_compiler_type=gcc3
am_cv_make_support_nested_variables=yes
am_cv_prog_cc_c_o=yes
lt_cv_apple_cc_single_mod=yes
lt_cv_ar_at_file=no
lt_cv_deplibs_check_method=pass_all
lt_cv_file_magic_cmd='$MAGIC_CMD'
lt_cv_file_magic_test_file=
lt_cv_ld_exported_symbols_list=yes
lt_cv_ld_force_load=yes
lt_cv_ld_reload_flag=-r
lt_cv_nm_interface='BSD nm'
lt_cv_objdir=.libs
lt_cv_path_LD=/Applications/Xcode.app/Contents/Developer/Toolchains/XcodeDefault.xctoolchain/usr/bin/ld
lt_cv_path_LDCXX=/Applications/Xcode.app/Contents/Developer/Toolchains/XcodeDefault.xctoolchain/usr/bin/ld
lt_cv_path_NM='/opt/local/bin/nm -B'
lt_cv_path_mainfest_tool=no
lt_cv_prog_compiler_c_o=yes
lt_cv_prog_compiler_c_o_CXX=yes
lt_cv_prog_compiler_pic='-fno-common -DPIC'
lt_cv_prog_compiler_pic_CXX='-fno-common -DPIC'
lt_cv_prog_compiler_pic_works=yes
lt_cv_prog_compiler_pic_works_CXX=yes
lt_cv_prog_compiler_rtti_exceptions=yes
lt_cv_prog_compiler_static_works=no
lt_cv_prog_compiler_static_works_CXX=no
lt_cv_prog_gnu_ld=no
lt_cv_prog_gnu_ldcxx=no
lt_cv_sharedlib_from_linklib_cmd='printf %s\n'
lt_cv_sys_global_symbol_pipe='sed -n -e '\''s/^.*[	 ]\([BCDEGRST][BCDEGRST]*\)[	 ][	 ]*_\([_A-Za-z][_A-Za-z0-9]*\)$/\1 _\2 \2/p'\'' | sed '\''/ __gnu_lto/d'\'''
lt_cv_sys_global_symbol_to_c_name_address='sed -n -e '\''s/^: \(.*\) .*$/  {"\1", (void *) 0},/p'\'' -e '\''s/^[BCDEGRST][BCDEGRST]* .* \(.*\)$/  {"\1", (void *) \&\1},/p'\'''
lt_cv_sys_global_symbol_to_c_name_address_lib_prefix='sed -n -e '\''s/^: \(.*\) .*$/  {"\1", (void *) 0},/p'\'' -e '\''s/^[BCDEGRST][BCDEGRST]* .* \(lib.*\)$/  {"\1", (void *) \&\1},/p'\'' -e '\''s/^[BCDEGRST][BCDEGRST]* .* \(.*\)$/  {"lib\1", (void *) \&\1},/p'\'''
lt_cv_sys_global_symbol_to_cdecl='sed -n -e '\''s/^T .* \(.*\)$/extern int \1();/p'\'' -e '\''s/^[BCDEGRST][BCDEGRST]* .* \(.*\)$/extern char \1;/p'\'''
lt_cv_sys_global_symbol_to_import=
lt_cv_sys_max_cmd_len=786432
lt_cv_to_host_file_cmd=func_convert_file_noop
lt_cv_to_tool_file_cmd=func_convert_file_noop
lt_cv_truncate_bin='/bin/dd bs=4096 count=1'

## ----------------- ##
## Output variables. ##
## ----------------- ##

ACLOCAL='${SHELL} '\''/Users/wanaoi/home/source.d/TextProjects/C++/XMake/trunk/missing'\'' aclocal-1.16'
AMDEPBACKSLASH='\'
AMDEP_FALSE='#'
AMDEP_TRUE=''
AMTAR='$${TAR-tar}'
AM_BACKSLASH='\'
AM_DEFAULT_V='$(AM_DEFAULT_VERBOSITY)'
AM_DEFAULT_VERBOSITY='1'
AM_V='$(V)'
AR='ar'
AUTOCONF='${SHELL} '\''/Users/wanaoi/home/source.d/TextProjects/C++/XMake/trunk/missing'\'' autoconf'
AUTOHEADER='${SHELL} '\''/Users/wanaoi/home/source.d/TextProjects/C++/XMake/trunk/missing'\'' autoheader'
AUTOMAKE='${SHELL} '\''/Users/wanaoi/home/source.d/TextProjects/C++/XMake/trunk/missing'\'' automake-1.16'
AWK='awk'
CC='gcc'
CCDEPMODE='depmode=gcc3'
CFLAGS='-g -O2'
CPPFLAGS=''
CXX='g++'
CXXCPP='g++ -E'
CXXDEPMODE='depmode=gcc3'
CXXFLAGS='-g -O2'
CYGPATH_W='echo'
DEFS='-DHAVE_CONFIG_H'
DEPDIR='.deps'
DLLTOOL='false'
DSYMUTIL='dsymutil'
DUMPBIN=''
ECHO_C='\c'
ECHO_N=''
ECHO_T=''
EGREP='/usr/bin/grep -E'
EXEEXT=''
FGREP='/usr/bin/grep -F'
GREP='/usr/bin/grep'
INSTALL_DATA='${INSTALL} -m 644'
INSTALL_PROGRAM='${INSTALL}'
INSTALL_SCRIPT='${INSTALL}'
INSTALL_STRIP_PROGRAM='$(install_sh) -c -s'
LD='/Applications/Xcode.app/Contents/Developer/Toolchains/XcodeDefault.xctoolchain/usr/bin/ld'
LDFLAGS=''
LIBOBJS=''
LIBS=''
LIBTOOL='$(SHELL) $(top_builddir)/libtool'
LIPO='lipo'
LN_S='ln -s'
LTLIBOBJS=''
LT_SYS_LIBRARY_PATH=''
MAKEINFO='${SHELL} '\''/Users/wanaoi/home/source.d/TextProjects/C++/XMake/trunk/missing'\'' makeinfo'
MANIFEST_TOOL=':'
MKDIR_P='/opt/local/bin/gmkdir -p'
NM='/opt/local/bin/nm -B'
NMEDIT='nmedit'
OBJDUMP='objdump'
OBJEXT='o'
OTOOL64=':'
OTOOL='otool'
PACKAGE='xmake'
PACKAGE_BUGREPORT='wanao2008@hotmail.com'
PACKAGE_NAME='XMake'
PACKAGE_STRING='XMake 1.0'
PACKAGE_TARNAME='xmake'
PACKAGE_URL=''
PACKAGE_VERSION='1.0'
PATH_SEPARATOR=':'
RANLIB='ranlib'
SED='/opt/local/bin/gsed'
SET_MAKE=''
SHELL='/bin/sh'
STRIP='strip'
VERSION='1.0'
ac_ct_AR='ar'
ac_ct_CC='gcc'
ac_ct_CXX='g++'
ac_ct_DUMPBIN=''
am__EXEEXT_FALSE=''
am__EXEEXT_TRUE='#'
am__fastdepCC_FALSE='#'
am__fastdepCC_TRUE=''
am__fastdepCXX_FALSE='#'
am__fastdepCXX_TRUE=''
am__include='include'
am__isrc=''
am__leading_dot='.'
am__nodep='_no'
am__quote=''
am__tar='$${TAR-tar} chof - "$$tardir"'
am__untar='$${TAR-tar} xf -'
bindir='${exec_prefix}/bin'
build='x86_64-apple-darwin20.3.0'
build_alias=''
build_cpu='x86_64'
build_os='darwin20.3.0'
build_vendor='apple'
datadir='${datarootdir}'
datarootdir='${prefix}/share'
docdir='${datarootdir}/doc/${PACKAGE_TARNAME}'
dvidir='${docdir}'
exec_prefix='${prefix}'
host='x86_64-apple-darwin20.3.0'
host_alias=''
host_cpu='x86_64'
host_os='darwin20.3.0'
host_vendor='apple'
htmldir='${docdir}'
includedir='${prefix}/include'
infodir='${datarootdir}/info'
install_sh='${SHELL} /Users/wanaoi/home/source.d/TextProjects/C++/XMake/trunk/install-sh'
libdir='${exec_prefix}/lib'
libexecdir='${exec_prefix}/libexec'
localedir='${datarootdir}/locale'
localstatedir='${prefix}/var'
mandir='${datarootdir}/man'
mkdir_p='$(MKDIR_P)'
oldincludedir='/usr/include'
pdfdir='${docdir}'
prefix='/usr/local'
program_transform_name='s,x,x,'
psdir='${docdir}'
runstatedir='${localstatedir}/run'
sbindir='${exec_prefix}/sbin'
sharedstatedir='${prefix}/com'
sysconfdir='${prefix}/etc'
target_alias=''

## ----------- ##
## confdefs.h. ##
## ----------- ##

/* confdefs.h */
#define PACKAGE_NAME "XMake"
#define PACKAGE_TARNAME "xmake"
#define PACKAGE_VERSION "1.0"
#define PACKAGE_STRING "XMake 1.0"
#define PACKAGE_BUGREPORT "wanao2008@hotmail.com"
#define PACKAGE_URL ""
#define PACKAGE "xmake"
#define VERSION "1.0"
#define HAVE_STDIO_H 1
#define HAVE_STDLIB_H 1
#define HAVE_STRING_H 1
#define HAVE_INTTYPES_H 1
#define HAVE_STDINT_H 1
#define HAVE_STRINGS_H 1
#define HAVE_SYS_STAT_H 1
#define HAVE_SYS_TYPES_H 1
#define HAVE_UNISTD_H 1
#define STDC_HEADERS 1
#define HAVE_DLFCN_H 1
#define LT_OBJDIR ".libs/"
#define HAVE_MALLOC 1

configure: exit 0
